[debug] [2021-09-11T05:53:48.766Z] ----------------------------------------------------------------------
[debug] [2021-09-11T05:53:48.768Z] Command:       C:\Program Files\nodejs\node.exe C:\Users\shivansh\AppData\Roaming\npm\node_modules\firebase-tools\lib\bin\firebase.js init
[debug] [2021-09-11T05:53:48.768Z] CLI Version:   9.13.1
[debug] [2021-09-11T05:53:48.768Z] Platform:      win32
[debug] [2021-09-11T05:53:48.768Z] Node Version:  v15.12.0
[debug] [2021-09-11T05:53:48.769Z] Time:          Sat Sep 11 2021 11:23:48 GMT+0530 (India Standard Time)
[debug] [2021-09-11T05:53:48.769Z] ----------------------------------------------------------------------
[debug] 
[debug] [2021-09-11T05:53:48.771Z] >>> [apiv2][query] GET https://firebase-public.firebaseio.com/cli.json [none]
[debug] [2021-09-11T05:53:48.788Z] > command requires scopes: ["email","openid","https://www.googleapis.com/auth/cloudplatformprojects.readonly","https://www.googleapis.com/auth/firebase","https://www.googleapis.com/auth/cloud-platform"]
[debug] [2021-09-11T05:53:48.788Z] > authorizing via signed-in user (binarygeckos@gmail.com)
[info] 
     ######## #### ########  ######## ########     ###     ######  ########
     ##        ##  ##     ## ##       ##     ##  ##   ##  ##       ##
     ######    ##  ########  ######   ########  #########  ######  ######
     ##        ##  ##    ##  ##       ##     ## ##     ##       ## ##
     ##       #### ##     ## ######## ########  ##     ##  ######  ########

You're about to initialize a Firebase project in this directory:

  C:\Users\shivansh\OneDrive\Desktop\New folder\Lisana

[debug] [2021-09-11T05:53:50.107Z] <<< [apiv2][status] GET https://firebase-public.firebaseio.com/cli.json 200
[debug] [2021-09-11T05:53:50.108Z] <<< [apiv2][body] GET https://firebase-public.firebaseio.com/cli.json {"cloudBuildErrorAfter":1594252800000,"cloudBuildWarnAfter":1590019200000,"defaultNode10After":1594252800000,"minVersion":"3.0.5","node8DeploysDisabledAfter":1613390400000,"node8RuntimeDisabledAfter":1615809600000,"node8WarnAfter":1600128000000}
